<soapenv:Envelope
        xmlns:soapenv="http://schemas.xmlsoap.org/soap/envelope/"
        xmlns:xro="http://x-road.eu/xsd/xroad.xsd"
        xmlns:iden="http://x-road.eu/xsd/identifiers"
        xmlns:repr="http://x-road.eu/xsd/representation.xsd"
>
    <soapenv:Header>
        <xro:client iden:objectType="SUBSYSTEM">
            <iden:xRoadInstance>FI-TEST</iden:xRoadInstance>
            <iden:memberClass>GOV</iden:memberClass>
            <iden:memberCode>1111</iden:memberCode>
            <iden:subsystemCode>TestClient</iden:subsystemCode>
        </xro:client>
        <xro:service iden:objectType="SERVICE">
            <iden:xRoadInstance>FI-TEST</iden:xRoadInstance>
            <iden:memberClass>GOV</iden:memberClass>
            <iden:memberCode>2222</iden:memberCode>
            <iden:subsystemCode>TestService</iden:subsystemCode>
            <iden:serviceCode>helloService</iden:serviceCode>
            <iden:serviceVersion>v1</iden:serviceVersion>
        </xro:service>
        <repr:representedParty>
            <repr:partyClass>COM</repr:partyClass>
            <repr:partyCode>MEMBER3</repr:partyCode>
        </repr:representedParty>
        <xro:id>ID11234</xro:id>
        <xro:userId>test</xro:userId>
        <xro:protocolVersion>4.0</xro:protocolVersion>
    </soapenv:Header>
    <soapenv:Body>
        <prod:helloService xmlns:prod="http://test.x-road.global/producer">
            <prod:name>Erkki Esimerkki</prod:name>
        </prod:helloService>
    </soapenv:Body>
</soapenv:Envelope>